<?xml version="1.0" encoding="UTF-8"?>
<!-- Generated by org.testng.reporters.JUnitReportReporter -->
<testsuite hostname="DESKTOP-QVM6J4J" failures="0" tests="1" name="Test_Testng.TestB" time="0.001" errors="0" timestamp="2022-11-29T09:15:35 IST" skipped="0">
  <testcase classname="Test_Testng.TestB" name="p1" time="0.001"/>
  <system-out/>
</testsuite> <!-- Test_Testng.TestB -->
