<?xml version="1.0" encoding="UTF-8"?>
<!-- Generated by org.testng.reporters.JUnitReportReporter -->
<testsuite hostname="DESKTOP-QVM6J4J" failures="0" tests="3" name="Test_Testng.Test_E1" time="0.003" errors="0" timestamp="2022-11-28T09:12:14 IST" skipped="0">
  <testcase classname="Test_Testng.Test_E1" name="Test2" time="0.001"/>
  <system-out/>
  <testcase classname="Test_Testng.Test_E1" name="Test3" time="0.000"/>
  <system-out/>
  <testcase classname="Test_Testng.Test_E1" name="Test1" time="0.002"/>
  <system-out/>
</testsuite> <!-- Test_Testng.Test_E1 -->
