<?xml version="1.0" encoding="UTF-8"?>
<!-- Generated by org.testng.reporters.JUnitReportReporter -->
<testsuite hostname="DESKTOP-QVM6J4J" failures="0" tests="2" name="Test_Testng.TestA" time="0.010" errors="0" timestamp="2022-11-29T09:15:35 IST" skipped="0">
  <testcase classname="Test_Testng.TestA" name="m4" time="0.002"/>
  <system-out/>
  <testcase classname="Test_Testng.TestA" name="m3" time="0.008"/>
  <system-out/>
</testsuite> <!-- Test_Testng.TestA -->
