<?xml version="1.0" encoding="UTF-8"?>
<!-- Generated by org.testng.reporters.JUnitReportReporter -->
<testsuite hostname="DESKTOP-QVM6J4J" failures="0" tests="1" name="Test_Testng.Test_E7" time="0.017" errors="0" timestamp="2022-12-01T09:13:05 IST" skipped="0">
  <testcase classname="Test_Testng.Test_E7" name="test1" time="0.017"/>
  <system-out/>
</testsuite> <!-- Test_Testng.Test_E7 -->
