<?xml version="1.0" encoding="UTF-8"?>
<!-- Generated by org.testng.reporters.JUnitReportReporter -->
<testsuite hostname="DESKTOP-QVM6J4J" failures="0" tests="1" name="Test_Testng.Test_E5" time="5.376" errors="0" timestamp="2022-12-01T08:54:29 IST" skipped="0">
  <testcase classname="Test_Testng.Test_E5" name="Test_1" time="5.376"/>
  <system-out/>
</testsuite> <!-- Test_Testng.Test_E5 -->
